Started by user [8mha:////4CagxiaLsAnMpvghvXT1xzvUB7ynNT9Z6wk/LH/hour2AAAAlx+LCAAAAAAAAP9b85aBtbiIQTGjNKU4P08vOT+vOD8nVc83PyU1x6OyILUoJzMv2y+/JJUBAhiZGBgqihhk0NSjKDWzXb3RdlLBUSYGJk8GtpzUvPSSDB8G5tKinBIGIZ+sxLJE/ZzEvHT94JKizLx0a6BxUmjGOUNodHsLgAzWEgZu/dLi1CL9gsS8lEQACjKVYMAAAAA=[0mpanda
Running as SYSTEM
Building remotely on [8mha:////4Bt4UL9g5VHUOi2DFSjX8Df5egHmeHYt79zZ6ckSLfuuAAAAmx+LCAAAAAAAAP9b85aBtbiIQTGjNKU4P08vOT+vOD8nVc83PyU1x6OyILUoJzMv2y+/JJUBAhiZGBgqihhk0NSjKDWzXb3RdlLBUSYGJk8GtpzUvPSSDB8G5tKinBIGIZ+sxLJE/ZzEvHT94JKizLx0a6BxUmjGOUNodHsLgAzWEgZ+/eT83ILSktQi/eCcxLJUAE32xgfEAAAA[0mSlave (dockerslave) in workspace /home/workspace/CodePull
The recommended git tool is: NONE
No credentials specified
 > git rev-parse --resolve-git-dir /home/workspace/CodePull/.git # timeout=10
Fetching changes from the remote Git repository
 > git config remote.origin.url https://github.com/darek76000/panda_application.git # timeout=10
Fetching upstream changes from https://github.com/darek76000/panda_application.git
 > git --version # timeout=10
 > git --version # 'git version 2.17.1'
 > git fetch --tags --progress -- https://github.com/darek76000/panda_application.git +refs/heads/*:refs/remotes/origin/* # timeout=10
 > git rev-parse refs/remotes/origin/seleniumgrid^{commit} # timeout=10
Checking out Revision e18e7a08172d0cfc18079e5d76daeac8c9695feb (refs/remotes/origin/seleniumgrid)
 > git config core.sparsecheckout # timeout=10
 > git checkout -f e18e7a08172d0cfc18079e5d76daeac8c9695feb # timeout=10
Commit message: "modyfikacja testu4"
 > git rev-list --no-walk 4a1b6b8c422da5f62cfb5acc542e6d2074cc0911 # timeout=10
[CodePull] $ /home/tools/hudson.tasks.Maven_MavenInstallation/m3/bin/mvn clean install
[INFO] Scanning for projects...
[INFO] 
[INFO] --------------------------< pl.pandait:panda >--------------------------
[INFO] Building panda 0.0.1
[INFO] --------------------------------[ jar ]---------------------------------
[INFO] 
[8mha:////4FBi/7xHqTagvBhnFrV+42yGA+vvUiCCKAlne9fMa1WDAAAAYB+LCAAAAAAAAP9b85aBtbiIQSmjNKU4P0+vJLE4u1gvPjexLDVPzxdEGvvmZ+X75Zek2mxOX+vh68DGxMBQUcQgBdWQnJ9XnJ+TqucMoUEKGSCAEaSwAAAn9LoiYAAAAA==[0m[INFO] --- maven-clean-plugin:3.1.0:clean (default-clean) @ panda ---
[INFO] Deleting /home/workspace/CodePull/target
[INFO] 
[8mha:////4FBi/7xHqTagvBhnFrV+42yGA+vvUiCCKAlne9fMa1WDAAAAYB+LCAAAAAAAAP9b85aBtbiIQSmjNKU4P0+vJLE4u1gvPjexLDVPzxdEGvvmZ+X75Zek2mxOX+vh68DGxMBQUcQgBdWQnJ9XnJ+TqucMoUEKGSCAEaSwAAAn9LoiYAAAAA==[0m[INFO] --- maven-resources-plugin:3.1.0:resources (default-resources) @ panda ---
[INFO] Using 'UTF-8' encoding to copy filtered resources.
[INFO] Copying 1 resource
[INFO] Copying 2 resources
[INFO] 
[8mha:////4FBi/7xHqTagvBhnFrV+42yGA+vvUiCCKAlne9fMa1WDAAAAYB+LCAAAAAAAAP9b85aBtbiIQSmjNKU4P0+vJLE4u1gvPjexLDVPzxdEGvvmZ+X75Zek2mxOX+vh68DGxMBQUcQgBdWQnJ9XnJ+TqucMoUEKGSCAEaSwAAAn9LoiYAAAAA==[0m[INFO] --- maven-compiler-plugin:3.8.1:compile (default-compile) @ panda ---
[INFO] Changes detected - recompiling the module!
[INFO] Compiling 2 source files to /home/workspace/CodePull/target/classes
[INFO] 
[8mha:////4FBi/7xHqTagvBhnFrV+42yGA+vvUiCCKAlne9fMa1WDAAAAYB+LCAAAAAAAAP9b85aBtbiIQSmjNKU4P0+vJLE4u1gvPjexLDVPzxdEGvvmZ+X75Zek2mxOX+vh68DGxMBQUcQgBdWQnJ9XnJ+TqucMoUEKGSCAEaSwAAAn9LoiYAAAAA==[0m[INFO] --- maven-compiler-plugin:3.8.1:compile (default) @ panda ---
[INFO] Changes detected - recompiling the module!
[INFO] Compiling 2 source files to /home/workspace/CodePull/target/classes
[INFO] 
[8mha:////4FBi/7xHqTagvBhnFrV+42yGA+vvUiCCKAlne9fMa1WDAAAAYB+LCAAAAAAAAP9b85aBtbiIQSmjNKU4P0+vJLE4u1gvPjexLDVPzxdEGvvmZ+X75Zek2mxOX+vh68DGxMBQUcQgBdWQnJ9XnJ+TqucMoUEKGSCAEaSwAAAn9LoiYAAAAA==[0m[INFO] --- maven-resources-plugin:3.1.0:testResources (default-testResources) @ panda ---
[INFO] Using 'UTF-8' encoding to copy filtered resources.
[INFO] skip non existing resourceDirectory /home/workspace/CodePull/src/test/resources
[INFO] 
[8mha:////4FBi/7xHqTagvBhnFrV+42yGA+vvUiCCKAlne9fMa1WDAAAAYB+LCAAAAAAAAP9b85aBtbiIQSmjNKU4P0+vJLE4u1gvPjexLDVPzxdEGvvmZ+X75Zek2mxOX+vh68DGxMBQUcQgBdWQnJ9XnJ+TqucMoUEKGSCAEaSwAAAn9LoiYAAAAA==[0m[INFO] --- maven-compiler-plugin:3.8.1:testCompile (default-testCompile) @ panda ---
[INFO] Changes detected - recompiling the module!
[INFO] Compiling 3 source files to /home/workspace/CodePull/target/test-classes
[INFO] 
[8mha:////4FBi/7xHqTagvBhnFrV+42yGA+vvUiCCKAlne9fMa1WDAAAAYB+LCAAAAAAAAP9b85aBtbiIQSmjNKU4P0+vJLE4u1gvPjexLDVPzxdEGvvmZ+X75Zek2mxOX+vh68DGxMBQUcQgBdWQnJ9XnJ+TqucMoUEKGSCAEaSwAAAn9LoiYAAAAA==[0m[INFO] --- maven-surefire-plugin:2.22.2:test (default-test) @ panda ---
[INFO] 
[INFO] -------------------------------------------------------
[INFO]  T E S T S
[INFO] -------------------------------------------------------
[INFO] Running pl.pandait.panda.PandaApplicationTest
13:11:45.542 [main] DEBUG org.springframework.test.context.BootstrapUtils - Instantiating CacheAwareContextLoaderDelegate from class [org.springframework.test.context.cache.DefaultCacheAwareContextLoaderDelegate]
13:11:45.562 [main] DEBUG org.springframework.test.context.BootstrapUtils - Instantiating BootstrapContext using constructor [public org.springframework.test.context.support.DefaultBootstrapContext(java.lang.Class,org.springframework.test.context.CacheAwareContextLoaderDelegate)]
13:11:45.614 [main] DEBUG org.springframework.test.context.BootstrapUtils - Instantiating TestContextBootstrapper for test class [pl.pandait.panda.PandaApplicationTest] from class [org.springframework.boot.test.context.SpringBootTestContextBootstrapper]
13:11:45.644 [main] INFO org.springframework.boot.test.context.SpringBootTestContextBootstrapper - Neither @ContextConfiguration nor @ContextHierarchy found for test class [pl.pandait.panda.PandaApplicationTest], using SpringBootContextLoader
13:11:45.653 [main] DEBUG org.springframework.test.context.support.AbstractContextLoader - Did not detect default resource location for test class [pl.pandait.panda.PandaApplicationTest]: class path resource [pl/pandait/panda/PandaApplicationTest-context.xml] does not exist
13:11:45.654 [main] DEBUG org.springframework.test.context.support.AbstractContextLoader - Did not detect default resource location for test class [pl.pandait.panda.PandaApplicationTest]: class path resource [pl/pandait/panda/PandaApplicationTestContext.groovy] does not exist
13:11:45.655 [main] INFO org.springframework.test.context.support.AbstractContextLoader - Could not detect default resource locations for test class [pl.pandait.panda.PandaApplicationTest]: no resource found for suffixes {-context.xml, Context.groovy}.
13:11:45.659 [main] INFO org.springframework.test.context.support.AnnotationConfigContextLoaderUtils - Could not detect default configuration classes for test class [pl.pandait.panda.PandaApplicationTest]: PandaApplicationTest does not declare any static, non-private, non-final, nested classes annotated with @Configuration.
13:11:45.733 [main] DEBUG org.springframework.test.context.support.ActiveProfilesUtils - Could not find an 'annotation declaring class' for annotation type [org.springframework.test.context.ActiveProfiles] and class [pl.pandait.panda.PandaApplicationTest]
13:11:45.868 [main] DEBUG org.springframework.context.annotation.ClassPathScanningCandidateComponentProvider - Identified candidate component class: file [/home/workspace/CodePull/target/classes/pl/pandait/panda/PandaApplication.class]
13:11:45.871 [main] INFO org.springframework.boot.test.context.SpringBootTestContextBootstrapper - Found @SpringBootConfiguration pl.pandait.panda.PandaApplication for test class pl.pandait.panda.PandaApplicationTest
13:11:46.015 [main] DEBUG org.springframework.boot.test.context.SpringBootTestContextBootstrapper - @TestExecutionListeners is not present for class [pl.pandait.panda.PandaApplicationTest]: using defaults.
13:11:46.018 [main] INFO org.springframework.boot.test.context.SpringBootTestContextBootstrapper - Loaded default TestExecutionListener class names from location [META-INF/spring.factories]: [org.springframework.boot.test.mock.mockito.MockitoTestExecutionListener, org.springframework.boot.test.mock.mockito.ResetMocksTestExecutionListener, org.springframework.boot.test.autoconfigure.restdocs.RestDocsTestExecutionListener, org.springframework.boot.test.autoconfigure.web.client.MockRestServiceServerResetTestExecutionListener, org.springframework.boot.test.autoconfigure.web.servlet.MockMvcPrintOnlyOnFailureTestExecutionListener, org.springframework.boot.test.autoconfigure.web.servlet.WebDriverTestExecutionListener, org.springframework.test.context.web.ServletTestExecutionListener, org.springframework.test.context.support.DirtiesContextBeforeModesTestExecutionListener, org.springframework.test.context.support.DependencyInjectionTestExecutionListener, org.springframework.test.context.support.DirtiesContextTestExecutionListener, org.springframework.test.context.transaction.TransactionalTestExecutionListener, org.springframework.test.context.jdbc.SqlScriptsTestExecutionListener, org.springframework.test.context.event.EventPublishingTestExecutionListener]
13:11:46.047 [main] DEBUG org.springframework.boot.test.context.SpringBootTestContextBootstrapper - Skipping candidate TestExecutionListener [org.springframework.test.context.transaction.TransactionalTestExecutionListener] due to a missing dependency. Specify custom listener classes or make the default listener classes and their required dependencies available. Offending class: [org/springframework/transaction/interceptor/TransactionAttributeSource]
13:11:46.054 [main] DEBUG org.springframework.boot.test.context.SpringBootTestContextBootstrapper - Skipping candidate TestExecutionListener [org.springframework.test.context.jdbc.SqlScriptsTestExecutionListener] due to a missing dependency. Specify custom listener classes or make the default listener classes and their required dependencies available. Offending class: [org/springframework/transaction/interceptor/TransactionAttribute]
13:11:46.054 [main] INFO org.springframework.boot.test.context.SpringBootTestContextBootstrapper - Using TestExecutionListeners: [org.springframework.test.context.web.ServletTestExecutionListener@79c97cb, org.springframework.test.context.support.DirtiesContextBeforeModesTestExecutionListener@2d9caaeb, org.springframework.boot.test.mock.mockito.MockitoTestExecutionListener@42a15bdc, org.springframework.boot.test.autoconfigure.SpringBootDependencyInjectionTestExecutionListener@44a59da3, org.springframework.test.context.support.DirtiesContextTestExecutionListener@27e47833, org.springframework.test.context.event.EventPublishingTestExecutionListener@6f6745d6, org.springframework.boot.test.mock.mockito.ResetMocksTestExecutionListener@27508c5d, org.springframework.boot.test.autoconfigure.restdocs.RestDocsTestExecutionListener@4f704591, org.springframework.boot.test.autoconfigure.web.client.MockRestServiceServerResetTestExecutionListener@4b5189ac, org.springframework.boot.test.autoconfigure.web.servlet.MockMvcPrintOnlyOnFailureTestExecutionListener@1e4d3ce5, org.springframework.boot.test.autoconfigure.web.servlet.WebDriverTestExecutionListener@3ddc6915]
13:11:46.065 [main] DEBUG org.springframework.test.context.support.AbstractDirtiesContextTestExecutionListener - Before test class: context [DefaultTestContext@6d7fc27 testClass = PandaApplicationTest, testInstance = [null], testMethod = [null], testException = [null], mergedContextConfiguration = [WebMergedContextConfiguration@45ac5f9b testClass = PandaApplicationTest, locations = '{}', classes = '{class pl.pandait.panda.PandaApplication}', contextInitializerClasses = '[]', activeProfiles = '{}', propertySourceLocations = '{}', propertySourceProperties = '{org.springframework.boot.test.context.SpringBootTestContextBootstrapper=true}', contextCustomizers = set[org.springframework.boot.test.context.filter.ExcludeFilterContextCustomizer@f2ff811, org.springframework.boot.test.json.DuplicateJsonObjectContextCustomizerFactory$DuplicateJsonObjectContextCustomizer@2a266d09, org.springframework.boot.test.mock.mockito.MockitoContextCustomizer@0, org.springframework.boot.test.web.client.TestRestTemplateContextCustomizer@c03cf28, org.springframework.boot.test.autoconfigure.properties.PropertyMappingContextCustomizer@0, org.springframework.boot.test.autoconfigure.web.servlet.WebDriverContextCustomizerFactory$Customizer@55b53d44], resourceBasePath = 'src/main/webapp', contextLoader = 'org.springframework.boot.test.context.SpringBootContextLoader', parent = [null]], attributes = map['org.springframework.test.context.web.ServletTestExecutionListener.activateListener' -> true]], class annotated with @DirtiesContext [false] with mode [null].
13:11:46.159 [main] DEBUG org.springframework.test.context.support.TestPropertySourceUtils - Adding inlined properties to environment: {spring.jmx.enabled=false, org.springframework.boot.test.context.SpringBootTestContextBootstrapper=true, server.port=-1}

  .   ____          _            __ _ _
 /\\ / ___'_ __ _ _(_)_ __  __ _ \ \ \ \
( ( )\___ | '_ | '_| | '_ \/ _` | \ \ \ \
 \\/  ___)| |_)| | | | | || (_| |  ) ) ) )
  '  |____| .__|_| |_|_| |_\__, | / / / /
 =========|_|==============|___/=/_/_/_/
 :: Spring Boot ::        (v2.2.4.RELEASE)

2021-06-17 13:11:46.696  INFO 1006 --- [           main] pl.pandait.panda.PandaApplicationTest    : Starting PandaApplicationTest on c04933fe3179 with PID 1006 (started by root in /home/workspace/CodePull)
2021-06-17 13:11:46.701  INFO 1006 --- [           main] pl.pandait.panda.PandaApplicationTest    : No active profile set, falling back to default profiles: default
2021-06-17 13:11:48.741  INFO 1006 --- [           main] o.s.s.concurrent.ThreadPoolTaskExecutor  : Initializing ExecutorService 'applicationTaskExecutor'
2021-06-17 13:11:48.877  INFO 1006 --- [           main] o.s.b.a.w.s.WelcomePageHandlerMapping    : Adding welcome page: class path resource [static/index.html]
2021-06-17 13:11:49.192  INFO 1006 --- [           main] pl.pandait.panda.PandaApplicationTest    : Started PandaApplicationTest in 3.008 seconds (JVM running for 4.92)
[INFO] Tests run: 1, Failures: 0, Errors: 0, Skipped: 0, Time elapsed: 4.378 s - in pl.pandait.panda.PandaApplicationTest
[INFO] Running pl.pandait.panda.HelloControllerTest
2021-06-17 13:11:49.741  INFO 1006 --- [           main] .b.t.c.SpringBootTestContextBootstrapper : Neither @ContextConfiguration nor @ContextHierarchy found for test class [pl.pandait.panda.HelloControllerTest], using SpringBootContextLoader
2021-06-17 13:11:49.743  INFO 1006 --- [           main] o.s.t.c.support.AbstractContextLoader    : Could not detect default resource locations for test class [pl.pandait.panda.HelloControllerTest]: no resource found for suffixes {-context.xml, Context.groovy}.
2021-06-17 13:11:49.744  INFO 1006 --- [           main] t.c.s.AnnotationConfigContextLoaderUtils : Could not detect default configuration classes for test class [pl.pandait.panda.HelloControllerTest]: HelloControllerTest does not declare any static, non-private, non-final, nested classes annotated with @Configuration.
2021-06-17 13:11:49.757  INFO 1006 --- [           main] .b.t.c.SpringBootTestContextBootstrapper : Found @SpringBootConfiguration pl.pandait.panda.PandaApplication for test class pl.pandait.panda.HelloControllerTest
2021-06-17 13:11:49.768  INFO 1006 --- [           main] .b.t.c.SpringBootTestContextBootstrapper : Loaded default TestExecutionListener class names from location [META-INF/spring.factories]: [org.springframework.boot.test.mock.mockito.MockitoTestExecutionListener, org.springframework.boot.test.mock.mockito.ResetMocksTestExecutionListener, org.springframework.boot.test.autoconfigure.restdocs.RestDocsTestExecutionListener, org.springframework.boot.test.autoconfigure.web.client.MockRestServiceServerResetTestExecutionListener, org.springframework.boot.test.autoconfigure.web.servlet.MockMvcPrintOnlyOnFailureTestExecutionListener, org.springframework.boot.test.autoconfigure.web.servlet.WebDriverTestExecutionListener, org.springframework.test.context.web.ServletTestExecutionListener, org.springframework.test.context.support.DirtiesContextBeforeModesTestExecutionListener, org.springframework.test.context.support.DependencyInjectionTestExecutionListener, org.springframework.test.context.support.DirtiesContextTestExecutionListener, org.springframework.test.context.transaction.TransactionalTestExecutionListener, org.springframework.test.context.jdbc.SqlScriptsTestExecutionListener, org.springframework.test.context.event.EventPublishingTestExecutionListener]
2021-06-17 13:11:49.769  INFO 1006 --- [           main] .b.t.c.SpringBootTestContextBootstrapper : Using TestExecutionListeners: [org.springframework.test.context.web.ServletTestExecutionListener@6435fa1c, org.springframework.test.context.support.DirtiesContextBeforeModesTestExecutionListener@7944b8b4, org.springframework.boot.test.mock.mockito.MockitoTestExecutionListener@d7bbf12, org.springframework.boot.test.autoconfigure.SpringBootDependencyInjectionTestExecutionListener@1450131a, org.springframework.test.context.support.DirtiesContextTestExecutionListener@5f7eee96, org.springframework.test.context.event.EventPublishingTestExecutionListener@3a36cd5, org.springframework.boot.test.mock.mockito.ResetMocksTestExecutionListener@53f0d09c, org.springframework.boot.test.autoconfigure.restdocs.RestDocsTestExecutionListener@47acd13b, org.springframework.boot.test.autoconfigure.web.client.MockRestServiceServerResetTestExecutionListener@6f8e9d06, org.springframework.boot.test.autoconfigure.web.servlet.MockMvcPrintOnlyOnFailureTestExecutionListener@77d381e6, org.springframework.boot.test.autoconfigure.web.servlet.WebDriverTestExecutionListener@2272cbb0]

  .   ____          _            __ _ _
 /\\ / ___'_ __ _ _(_)_ __  __ _ \ \ \ \
( ( )\___ | '_ | '_| | '_ \/ _` | \ \ \ \
 \\/  ___)| |_)| | | | | || (_| |  ) ) ) )
  '  |____| .__|_| |_|_| |_\__, | / / / /
 =========|_|==============|___/=/_/_/_/
 :: Spring Boot ::        (v2.2.4.RELEASE)

2021-06-17 13:11:49.866  INFO 1006 --- [           main] pl.pandait.panda.HelloControllerTest     : Starting HelloControllerTest on c04933fe3179 with PID 1006 (started by root in /home/workspace/CodePull)
2021-06-17 13:11:49.867  INFO 1006 --- [           main] pl.pandait.panda.HelloControllerTest     : No active profile set, falling back to default profiles: default
2021-06-17 13:11:50.448  INFO 1006 --- [           main] o.s.b.w.embedded.tomcat.TomcatWebServer  : Tomcat initialized with port(s): 0 (http)
2021-06-17 13:11:50.470  INFO 1006 --- [           main] o.apache.catalina.core.StandardService   : Starting service [Tomcat]
2021-06-17 13:11:50.471  INFO 1006 --- [           main] org.apache.catalina.core.StandardEngine  : Starting Servlet engine: [Apache Tomcat/9.0.30]
2021-06-17 13:11:50.710  INFO 1006 --- [           main] o.a.c.c.C.[Tomcat].[localhost].[/]       : Initializing Spring embedded WebApplicationContext
2021-06-17 13:11:50.710  INFO 1006 --- [           main] o.s.web.context.ContextLoader            : Root WebApplicationContext: initialization completed in 836 ms
2021-06-17 13:11:51.005  INFO 1006 --- [           main] o.s.s.concurrent.ThreadPoolTaskExecutor  : Initializing ExecutorService 'applicationTaskExecutor'
2021-06-17 13:11:51.051  INFO 1006 --- [           main] o.s.b.a.w.s.WelcomePageHandlerMapping    : Adding welcome page: class path resource [static/index.html]
2021-06-17 13:11:51.629  INFO 1006 --- [           main] o.s.b.w.embedded.tomcat.TomcatWebServer  : Tomcat started on port(s): 37847 (http) with context path ''
2021-06-17 13:11:51.633  INFO 1006 --- [           main] pl.pandait.panda.HelloControllerTest     : Started HelloControllerTest in 1.859 seconds (JVM running for 7.36)
2021-06-17 13:11:51.698  INFO 1006 --- [           main] o.s.mock.web.MockServletContext          : Initializing Spring TestDispatcherServlet ''
2021-06-17 13:11:51.699  INFO 1006 --- [           main] o.s.t.web.servlet.TestDispatcherServlet  : Initializing Servlet ''
2021-06-17 13:11:51.703  INFO 1006 --- [           main] o.s.t.web.servlet.TestDispatcherServlet  : Completed initialization in 3 ms
[INFO] Tests run: 1, Failures: 0, Errors: 0, Skipped: 0, Time elapsed: 1.997 s - in pl.pandait.panda.HelloControllerTest
2021-06-17 13:11:51.829  INFO 1006 --- [extShutdownHook] o.s.s.concurrent.ThreadPoolTaskExecutor  : Shutting down ExecutorService 'applicationTaskExecutor'
2021-06-17 13:11:51.828  INFO 1006 --- [extShutdownHook] o.s.s.concurrent.ThreadPoolTaskExecutor  : Shutting down ExecutorService 'applicationTaskExecutor'
[INFO] 
[INFO] Results:
[INFO] 
[INFO] Tests run: 2, Failures: 0, Errors: 0, Skipped: 0
[INFO] 
[INFO] 
[8mha:////4FBi/7xHqTagvBhnFrV+42yGA+vvUiCCKAlne9fMa1WDAAAAYB+LCAAAAAAAAP9b85aBtbiIQSmjNKU4P0+vJLE4u1gvPjexLDVPzxdEGvvmZ+X75Zek2mxOX+vh68DGxMBQUcQgBdWQnJ9XnJ+TqucMoUEKGSCAEaSwAAAn9LoiYAAAAA==[0m[INFO] --- maven-surefire-plugin:2.22.2:test (default) @ panda ---
[INFO] Skipping execution of surefire because it has already been run for this configuration
[INFO] 
[8mha:////4FBi/7xHqTagvBhnFrV+42yGA+vvUiCCKAlne9fMa1WDAAAAYB+LCAAAAAAAAP9b85aBtbiIQSmjNKU4P0+vJLE4u1gvPjexLDVPzxdEGvvmZ+X75Zek2mxOX+vh68DGxMBQUcQgBdWQnJ9XnJ+TqucMoUEKGSCAEaSwAAAn9LoiYAAAAA==[0m[INFO] --- maven-jar-plugin:3.1.2:jar (default-jar) @ panda ---
[INFO] Building jar: /home/workspace/CodePull/target/panda-0.0.1.jar
[INFO] 
[8mha:////4FBi/7xHqTagvBhnFrV+42yGA+vvUiCCKAlne9fMa1WDAAAAYB+LCAAAAAAAAP9b85aBtbiIQSmjNKU4P0+vJLE4u1gvPjexLDVPzxdEGvvmZ+X75Zek2mxOX+vh68DGxMBQUcQgBdWQnJ9XnJ+TqucMoUEKGSCAEaSwAAAn9LoiYAAAAA==[0m[INFO] --- spring-boot-maven-plugin:2.2.4.RELEASE:repackage (repackage) @ panda ---
[INFO] Replacing main artifact with repackaged archive
[INFO] 
[8mha:////4FBi/7xHqTagvBhnFrV+42yGA+vvUiCCKAlne9fMa1WDAAAAYB+LCAAAAAAAAP9b85aBtbiIQSmjNKU4P0+vJLE4u1gvPjexLDVPzxdEGvvmZ+X75Zek2mxOX+vh68DGxMBQUcQgBdWQnJ9XnJ+TqucMoUEKGSCAEaSwAAAn9LoiYAAAAA==[0m[INFO] --- maven-install-plugin:2.5.2:install (default-install) @ panda ---
[INFO] Installing /home/workspace/CodePull/target/panda-0.0.1.jar to /root/.m2/repository/pl/pandait/panda/0.0.1/panda-0.0.1.jar
[INFO] Installing /home/workspace/CodePull/pom.xml to /root/.m2/repository/pl/pandait/panda/0.0.1/panda-0.0.1.pom
[INFO] ------------------------------------------------------------------------
[INFO] BUILD SUCCESS
[INFO] ------------------------------------------------------------------------
[INFO] Total time:  15.053 s
[INFO] Finished at: 2021-06-17T13:11:53Z
[INFO] ------------------------------------------------------------------------
[CodePull] $ /home/tools/hudson.tasks.Maven_MavenInstallation/m3/bin/mvn test -Pselenium
[INFO] Scanning for projects...
[INFO] 
[INFO] --------------------------< pl.pandait:panda >--------------------------
[INFO] Building panda 0.0.1
[INFO] --------------------------------[ jar ]---------------------------------
[INFO] 
[8mha:////4FBi/7xHqTagvBhnFrV+42yGA+vvUiCCKAlne9fMa1WDAAAAYB+LCAAAAAAAAP9b85aBtbiIQSmjNKU4P0+vJLE4u1gvPjexLDVPzxdEGvvmZ+X75Zek2mxOX+vh68DGxMBQUcQgBdWQnJ9XnJ+TqucMoUEKGSCAEaSwAAAn9LoiYAAAAA==[0m[INFO] --- maven-resources-plugin:3.1.0:resources (default-resources) @ panda ---
[INFO] Using 'UTF-8' encoding to copy filtered resources.
[INFO] Copying 1 resource
[INFO] Copying 2 resources
[INFO] 
[8mha:////4FBi/7xHqTagvBhnFrV+42yGA+vvUiCCKAlne9fMa1WDAAAAYB+LCAAAAAAAAP9b85aBtbiIQSmjNKU4P0+vJLE4u1gvPjexLDVPzxdEGvvmZ+X75Zek2mxOX+vh68DGxMBQUcQgBdWQnJ9XnJ+TqucMoUEKGSCAEaSwAAAn9LoiYAAAAA==[0m[INFO] --- maven-compiler-plugin:3.8.1:compile (default-compile) @ panda ---
[INFO] Nothing to compile - all classes are up to date
[INFO] 
[8mha:////4FBi/7xHqTagvBhnFrV+42yGA+vvUiCCKAlne9fMa1WDAAAAYB+LCAAAAAAAAP9b85aBtbiIQSmjNKU4P0+vJLE4u1gvPjexLDVPzxdEGvvmZ+X75Zek2mxOX+vh68DGxMBQUcQgBdWQnJ9XnJ+TqucMoUEKGSCAEaSwAAAn9LoiYAAAAA==[0m[INFO] --- maven-compiler-plugin:3.8.1:compile (default) @ panda ---
[INFO] Nothing to compile - all classes are up to date
[INFO] 
[8mha:////4FBi/7xHqTagvBhnFrV+42yGA+vvUiCCKAlne9fMa1WDAAAAYB+LCAAAAAAAAP9b85aBtbiIQSmjNKU4P0+vJLE4u1gvPjexLDVPzxdEGvvmZ+X75Zek2mxOX+vh68DGxMBQUcQgBdWQnJ9XnJ+TqucMoUEKGSCAEaSwAAAn9LoiYAAAAA==[0m[INFO] --- maven-resources-plugin:3.1.0:testResources (default-testResources) @ panda ---
[INFO] Using 'UTF-8' encoding to copy filtered resources.
[INFO] skip non existing resourceDirectory /home/workspace/CodePull/src/test/resources
[INFO] 
[8mha:////4FBi/7xHqTagvBhnFrV+42yGA+vvUiCCKAlne9fMa1WDAAAAYB+LCAAAAAAAAP9b85aBtbiIQSmjNKU4P0+vJLE4u1gvPjexLDVPzxdEGvvmZ+X75Zek2mxOX+vh68DGxMBQUcQgBdWQnJ9XnJ+TqucMoUEKGSCAEaSwAAAn9LoiYAAAAA==[0m[INFO] --- maven-compiler-plugin:3.8.1:testCompile (default-testCompile) @ panda ---
[INFO] Nothing to compile - all classes are up to date
[INFO] 
[8mha:////4FBi/7xHqTagvBhnFrV+42yGA+vvUiCCKAlne9fMa1WDAAAAYB+LCAAAAAAAAP9b85aBtbiIQSmjNKU4P0+vJLE4u1gvPjexLDVPzxdEGvvmZ+X75Zek2mxOX+vh68DGxMBQUcQgBdWQnJ9XnJ+TqucMoUEKGSCAEaSwAAAn9LoiYAAAAA==[0m[INFO] --- maven-surefire-plugin:2.22.2:test (default-test) @ panda ---
[INFO] 
[INFO] -------------------------------------------------------
[INFO]  T E S T S
[INFO] -------------------------------------------------------
[INFO] Running pl.pandait.panda.PandaApplicationSeleniumTest
13:12:00.211 [main] DEBUG org.springframework.test.context.BootstrapUtils - Instantiating CacheAwareContextLoaderDelegate from class [org.springframework.test.context.cache.DefaultCacheAwareContextLoaderDelegate]
13:12:00.231 [main] DEBUG org.springframework.test.context.BootstrapUtils - Instantiating BootstrapContext using constructor [public org.springframework.test.context.support.DefaultBootstrapContext(java.lang.Class,org.springframework.test.context.CacheAwareContextLoaderDelegate)]
13:12:00.283 [main] DEBUG org.springframework.test.context.BootstrapUtils - Instantiating TestContextBootstrapper for test class [pl.pandait.panda.PandaApplicationSeleniumTest] from class [org.springframework.boot.test.context.SpringBootTestContextBootstrapper]
13:12:00.319 [main] INFO org.springframework.boot.test.context.SpringBootTestContextBootstrapper - Neither @ContextConfiguration nor @ContextHierarchy found for test class [pl.pandait.panda.PandaApplicationSeleniumTest], using SpringBootContextLoader
13:12:00.328 [main] DEBUG org.springframework.test.context.support.AbstractContextLoader - Did not detect default resource location for test class [pl.pandait.panda.PandaApplicationSeleniumTest]: class path resource [pl/pandait/panda/PandaApplicationSeleniumTest-context.xml] does not exist
13:12:00.332 [main] DEBUG org.springframework.test.context.support.AbstractContextLoader - Did not detect default resource location for test class [pl.pandait.panda.PandaApplicationSeleniumTest]: class path resource [pl/pandait/panda/PandaApplicationSeleniumTestContext.groovy] does not exist
13:12:00.333 [main] INFO org.springframework.test.context.support.AbstractContextLoader - Could not detect default resource locations for test class [pl.pandait.panda.PandaApplicationSeleniumTest]: no resource found for suffixes {-context.xml, Context.groovy}.
13:12:00.421 [main] DEBUG org.springframework.test.context.support.ActiveProfilesUtils - Could not find an 'annotation declaring class' for annotation type [org.springframework.test.context.ActiveProfiles] and class [pl.pandait.panda.PandaApplicationSeleniumTest]
13:12:00.606 [main] DEBUG org.springframework.boot.test.context.SpringBootTestContextBootstrapper - @TestExecutionListeners is not present for class [pl.pandait.panda.PandaApplicationSeleniumTest]: using defaults.
13:12:00.609 [main] INFO org.springframework.boot.test.context.SpringBootTestContextBootstrapper - Loaded default TestExecutionListener class names from location [META-INF/spring.factories]: [org.springframework.boot.test.mock.mockito.MockitoTestExecutionListener, org.springframework.boot.test.mock.mockito.ResetMocksTestExecutionListener, org.springframework.boot.test.autoconfigure.restdocs.RestDocsTestExecutionListener, org.springframework.boot.test.autoconfigure.web.client.MockRestServiceServerResetTestExecutionListener, org.springframework.boot.test.autoconfigure.web.servlet.MockMvcPrintOnlyOnFailureTestExecutionListener, org.springframework.boot.test.autoconfigure.web.servlet.WebDriverTestExecutionListener, org.springframework.test.context.web.ServletTestExecutionListener, org.springframework.test.context.support.DirtiesContextBeforeModesTestExecutionListener, org.springframework.test.context.support.DependencyInjectionTestExecutionListener, org.springframework.test.context.support.DirtiesContextTestExecutionListener, org.springframework.test.context.transaction.TransactionalTestExecutionListener, org.springframework.test.context.jdbc.SqlScriptsTestExecutionListener, org.springframework.test.context.event.EventPublishingTestExecutionListener]
13:12:00.635 [main] DEBUG org.springframework.boot.test.context.SpringBootTestContextBootstrapper - Skipping candidate TestExecutionListener [org.springframework.test.context.transaction.TransactionalTestExecutionListener] due to a missing dependency. Specify custom listener classes or make the default listener classes and their required dependencies available. Offending class: [org/springframework/transaction/interceptor/TransactionAttributeSource]
13:12:00.636 [main] DEBUG org.springframework.boot.test.context.SpringBootTestContextBootstrapper - Skipping candidate TestExecutionListener [org.springframework.test.context.jdbc.SqlScriptsTestExecutionListener] due to a missing dependency. Specify custom listener classes or make the default listener classes and their required dependencies available. Offending class: [org/springframework/transaction/interceptor/TransactionAttribute]
13:12:00.637 [main] INFO org.springframework.boot.test.context.SpringBootTestContextBootstrapper - Using TestExecutionListeners: [org.springframework.test.context.web.ServletTestExecutionListener@6c7a164b, org.springframework.test.context.support.DirtiesContextBeforeModesTestExecutionListener@4c2bb6e0, org.springframework.boot.test.mock.mockito.MockitoTestExecutionListener@3e62d773, org.springframework.boot.test.autoconfigure.SpringBootDependencyInjectionTestExecutionListener@4ef74c30, org.springframework.test.context.support.DirtiesContextTestExecutionListener@7283d3eb, org.springframework.test.context.event.EventPublishingTestExecutionListener@638ef7ed, org.springframework.boot.test.mock.mockito.ResetMocksTestExecutionListener@4bff7da0, org.springframework.boot.test.autoconfigure.restdocs.RestDocsTestExecutionListener@3f1d2e23, org.springframework.boot.test.autoconfigure.web.client.MockRestServiceServerResetTestExecutionListener@536dbea0, org.springframework.boot.test.autoconfigure.web.servlet.MockMvcPrintOnlyOnFailureTestExecutionListener@47c81abf, org.springframework.boot.test.autoconfigure.web.servlet.WebDriverTestExecutionListener@776a6d9b]
13:12:00.645 [main] DEBUG org.springframework.test.context.support.AbstractDirtiesContextTestExecutionListener - Before test class: context [DefaultTestContext@163370c2 testClass = PandaApplicationSeleniumTest, testInstance = [null], testMethod = [null], testException = [null], mergedContextConfiguration = [WebMergedContextConfiguration@51bf5add testClass = PandaApplicationSeleniumTest, locations = '{}', classes = '{class pl.pandait.panda.PandaApplication, class pl.pandait.panda.PandaApplication}', contextInitializerClasses = '[]', activeProfiles = '{}', propertySourceLocations = '{}', propertySourceProperties = '{org.springframework.boot.test.context.SpringBootTestContextBootstrapper=true}', contextCustomizers = set[org.springframework.boot.test.context.filter.ExcludeFilterContextCustomizer@3cc1435c, org.springframework.boot.test.json.DuplicateJsonObjectContextCustomizerFactory$DuplicateJsonObjectContextCustomizer@5f16132a, org.springframework.boot.test.mock.mockito.MockitoContextCustomizer@0, org.springframework.boot.test.web.client.TestRestTemplateContextCustomizer@2e1d27ba, org.springframework.boot.test.autoconfigure.properties.PropertyMappingContextCustomizer@0, org.springframework.boot.test.autoconfigure.web.servlet.WebDriverContextCustomizerFactory$Customizer@26275bef], resourceBasePath = 'src/main/webapp', contextLoader = 'org.springframework.boot.test.context.SpringBootContextLoader', parent = [null]], attributes = map['org.springframework.test.context.web.ServletTestExecutionListener.activateListener' -> false]], class annotated with @DirtiesContext [false] with mode [null].
13:12:00.685 [main] DEBUG org.springframework.test.context.support.DependencyInjectionTestExecutionListener - Performing dependency injection for test context [[DefaultTestContext@163370c2 testClass = PandaApplicationSeleniumTest, testInstance = pl.pandait.panda.PandaApplicationSeleniumTest@6950ed69, testMethod = [null], testException = [null], mergedContextConfiguration = [WebMergedContextConfiguration@51bf5add testClass = PandaApplicationSeleniumTest, locations = '{}', classes = '{class pl.pandait.panda.PandaApplication, class pl.pandait.panda.PandaApplication}', contextInitializerClasses = '[]', activeProfiles = '{}', propertySourceLocations = '{}', propertySourceProperties = '{org.springframework.boot.test.context.SpringBootTestContextBootstrapper=true}', contextCustomizers = set[org.springframework.boot.test.context.filter.ExcludeFilterContextCustomizer@3cc1435c, org.springframework.boot.test.json.DuplicateJsonObjectContextCustomizerFactory$DuplicateJsonObjectContextCustomizer@5f16132a, org.springframework.boot.test.mock.mockito.MockitoContextCustomizer@0, org.springframework.boot.test.web.client.TestRestTemplateContextCustomizer@2e1d27ba, org.springframework.boot.test.autoconfigure.properties.PropertyMappingContextCustomizer@0, org.springframework.boot.test.autoconfigure.web.servlet.WebDriverContextCustomizerFactory$Customizer@26275bef], resourceBasePath = 'src/main/webapp', contextLoader = 'org.springframework.boot.test.context.SpringBootContextLoader', parent = [null]], attributes = map['org.springframework.test.context.web.ServletTestExecutionListener.activateListener' -> false]]].
13:12:00.764 [main] DEBUG org.springframework.test.context.support.TestPropertySourceUtils - Adding inlined properties to environment: {spring.jmx.enabled=false, org.springframework.boot.test.context.SpringBootTestContextBootstrapper=true}

  .   ____          _            __ _ _
 /\\ / ___'_ __ _ _(_)_ __  __ _ \ \ \ \
( ( )\___ | '_ | '_| | '_ \/ _` | \ \ \ \
 \\/  ___)| |_)| | | | | || (_| |  ) ) ) )
  '  |____| .__|_| |_|_| |_\__, | / / / /
 =========|_|==============|___/=/_/_/_/
 :: Spring Boot ::        (v2.2.4.RELEASE)

2021-06-17 13:12:01.342  INFO 1124 --- [           main] p.p.panda.PandaApplicationSeleniumTest   : Starting PandaApplicationSeleniumTest on c04933fe3179 with PID 1124 (started by root in /home/workspace/CodePull)
2021-06-17 13:12:01.345  INFO 1124 --- [           main] p.p.panda.PandaApplicationSeleniumTest   : No active profile set, falling back to default profiles: default
2021-06-17 13:12:03.427  INFO 1124 --- [           main] o.s.b.w.embedded.tomcat.TomcatWebServer  : Tomcat initialized with port(s): 8080 (http)
2021-06-17 13:12:03.447  INFO 1124 --- [           main] o.apache.catalina.core.StandardService   : Starting service [Tomcat]
2021-06-17 13:12:03.448  INFO 1124 --- [           main] org.apache.catalina.core.StandardEngine  : Starting Servlet engine: [Apache Tomcat/9.0.30]
2021-06-17 13:12:03.614  INFO 1124 --- [           main] o.a.c.c.C.[Tomcat].[localhost].[/]       : Initializing Spring embedded WebApplicationContext
2021-06-17 13:12:03.614  INFO 1124 --- [           main] o.s.web.context.ContextLoader            : Root WebApplicationContext: initialization completed in 2175 ms
2021-06-17 13:12:04.083  INFO 1124 --- [           main] o.s.s.concurrent.ThreadPoolTaskExecutor  : Initializing ExecutorService 'applicationTaskExecutor'
2021-06-17 13:12:04.227  INFO 1124 --- [           main] o.s.b.a.w.s.WelcomePageHandlerMapping    : Adding welcome page: class path resource [static/index.html]
2021-06-17 13:12:05.002  INFO 1124 --- [           main] o.s.b.w.embedded.tomcat.TomcatWebServer  : Tomcat started on port(s): 8080 (http) with context path ''
2021-06-17 13:12:05.008  INFO 1124 --- [           main] p.p.panda.PandaApplicationSeleniumTest   : Started PandaApplicationSeleniumTest in 4.235 seconds (JVM running for 6.134)
2021-06-17 13:12:05.552  INFO 1124 --- [           main] org.openqa.selenium.Capabilities         : Using `new FirefoxOptions()` is preferred to `DesiredCapabilities.firefox()`
2021-06-17 13:12:09.064  INFO 1124 --- [ null to remote] o.o.selenium.remote.ProtocolHandshake    : Detected dialect: W3C
2021-06-17 13:12:10.425  INFO 1124 --- [           main] org.openqa.selenium.Capabilities         : Using `new FirefoxOptions()` is preferred to `DesiredCapabilities.firefox()`
2021-06-17 13:12:13.594  INFO 1124 --- [ null to remote] o.o.selenium.remote.ProtocolHandshake    : Detected dialect: W3C
[8mha:////4K5VOk4bTVvIz0AQpZDrAvh7Lfnoehf1xPjmaNc0+kHUAAAAYB+LCAAAAAAAAP9b85aBtbiIQSmjNKU4P0+vJLE4u1gvPjexLDVPzxdEuhYV5Rf55Zek1m9pfpLfVWLNxMBQUcQgBdWQnJ9XnJ+TqucMoUEKGSCAEaSwAABqVhoSYAAAAA==[0m[ERROR] Tests run: 2, Failures: 0, Errors: 2, Skipped: 0, Time elapsed: 14.801 s <<< FAILURE! - in pl.pandait.panda.PandaApplicationSeleniumTest
[8mha:////4K5VOk4bTVvIz0AQpZDrAvh7Lfnoehf1xPjmaNc0+kHUAAAAYB+LCAAAAAAAAP9b85aBtbiIQSmjNKU4P0+vJLE4u1gvPjexLDVPzxdEuhYV5Rf55Zek1m9pfpLfVWLNxMBQUcQgBdWQnJ9XnJ+TqucMoUEKGSCAEaSwAABqVhoSYAAAAA==[0m[ERROR] greetings_shouldOpenMainPageThenReturnWelcomeText  Time elapsed: 5.398 s  <<< ERROR!
org.openqa.selenium.WebDriverException: 
Reached error page: about:neterror?e=dnsNotFound&u=http%3A//ubuntucompose%3A8080/&c=UTF-8&d=We%20can%E2%80%99t%20connect%20to%20the%20server%20at%20ubuntucompose.
Build info: version: '3.141.59', revision: 'e82be7d358', time: '2018-11-14T08:17:03'
System info: host: 'c04933fe3179', ip: '172.18.0.3', os.name: 'Linux', os.arch: 'amd64', os.version: '4.15.0-128-generic', java.version: '11.0.11'
Driver info: org.openqa.selenium.remote.RemoteWebDriver
Capabilities {acceptInsecureCerts: true, browserName: firefox, browserVersion: 89.0, javascriptEnabled: true, moz:accessibilityChecks: false, moz:buildID: 20210527174632, moz:geckodriverVersion: 0.29.0, moz:headless: false, moz:processID: 4845, moz:profile: /tmp/rust_mozprofile0qIov4, moz:shutdownTimeout: 60000, moz:useNonSpecCompliantPointerOrigin: false, moz:webdriverClick: true, pageLoadStrategy: normal, platform: LINUX, platformName: LINUX, platformVersion: 4.15.0-128-generic, setWindowRect: true, strictFileInteractability: false, timeouts: {implicit: 0, pageLoad: 300000, script: 30000}, unhandledPromptBehavior: dismiss and notify, webdriver.remote.sessionid: 42c6cf85-8f37-4d61-9af3-90b...}
Session ID: 42c6cf85-8f37-4d61-9af3-90b4628edbde
	at pl.pandait.panda.PandaApplicationSeleniumTest.startup(PandaApplicationSeleniumTest.java:39)

[8mha:////4K5VOk4bTVvIz0AQpZDrAvh7Lfnoehf1xPjmaNc0+kHUAAAAYB+LCAAAAAAAAP9b85aBtbiIQSmjNKU4P0+vJLE4u1gvPjexLDVPzxdEuhYV5Rf55Zek1m9pfpLfVWLNxMBQUcQgBdWQnJ9XnJ+TqucMoUEKGSCAEaSwAABqVhoSYAAAAA==[0m[ERROR] greetings_shouldOpenSubpageThenReturnGreetingsText  Time elapsed: 4.394 s  <<< ERROR!
org.openqa.selenium.WebDriverException: 
Reached error page: about:neterror?e=dnsNotFound&u=http%3A//ubuntucompose%3A8080/&c=UTF-8&d=We%20can%E2%80%99t%20connect%20to%20the%20server%20at%20ubuntucompose.
Build info: version: '3.141.59', revision: 'e82be7d358', time: '2018-11-14T08:17:03'
System info: host: 'c04933fe3179', ip: '172.18.0.3', os.name: 'Linux', os.arch: 'amd64', os.version: '4.15.0-128-generic', java.version: '11.0.11'
Driver info: org.openqa.selenium.remote.RemoteWebDriver
Capabilities {acceptInsecureCerts: true, browserName: firefox, browserVersion: 89.0, javascriptEnabled: true, moz:accessibilityChecks: false, moz:buildID: 20210527174632, moz:geckodriverVersion: 0.29.0, moz:headless: false, moz:processID: 5080, moz:profile: /tmp/rust_mozprofileFmAgwj, moz:shutdownTimeout: 60000, moz:useNonSpecCompliantPointerOrigin: false, moz:webdriverClick: true, pageLoadStrategy: normal, platform: LINUX, platformName: LINUX, platformVersion: 4.15.0-128-generic, setWindowRect: true, strictFileInteractability: false, timeouts: {implicit: 0, pageLoad: 300000, script: 30000}, unhandledPromptBehavior: dismiss and notify, webdriver.remote.sessionid: 09b6cb4a-299d-453e-b747-22b...}
Session ID: 09b6cb4a-299d-453e-b747-22bab4b4743a
	at pl.pandait.panda.PandaApplicationSeleniumTest.startup(PandaApplicationSeleniumTest.java:39)

2021-06-17 13:12:14.956  INFO 1124 --- [extShutdownHook] o.s.s.concurrent.ThreadPoolTaskExecutor  : Shutting down ExecutorService 'applicationTaskExecutor'
[INFO] 
[INFO] Results:
[INFO] 
[8mha:////4K5VOk4bTVvIz0AQpZDrAvh7Lfnoehf1xPjmaNc0+kHUAAAAYB+LCAAAAAAAAP9b85aBtbiIQSmjNKU4P0+vJLE4u1gvPjexLDVPzxdEuhYV5Rf55Zek1m9pfpLfVWLNxMBQUcQgBdWQnJ9XnJ+TqucMoUEKGSCAEaSwAABqVhoSYAAAAA==[0m[ERROR] Errors: 
[8mha:////4K5VOk4bTVvIz0AQpZDrAvh7Lfnoehf1xPjmaNc0+kHUAAAAYB+LCAAAAAAAAP9b85aBtbiIQSmjNKU4P0+vJLE4u1gvPjexLDVPzxdEuhYV5Rf55Zek1m9pfpLfVWLNxMBQUcQgBdWQnJ9XnJ+TqucMoUEKGSCAEaSwAABqVhoSYAAAAA==[0m[ERROR]   PandaApplicationSeleniumTest.startup:39 ? WebDriver Reached error page: about:...
[8mha:////4K5VOk4bTVvIz0AQpZDrAvh7Lfnoehf1xPjmaNc0+kHUAAAAYB+LCAAAAAAAAP9b85aBtbiIQSmjNKU4P0+vJLE4u1gvPjexLDVPzxdEuhYV5Rf55Zek1m9pfpLfVWLNxMBQUcQgBdWQnJ9XnJ+TqucMoUEKGSCAEaSwAABqVhoSYAAAAA==[0m[ERROR]   PandaApplicationSeleniumTest.startup:39 ? WebDriver Reached error page: about:...
[INFO] 
[8mha:////4K5VOk4bTVvIz0AQpZDrAvh7Lfnoehf1xPjmaNc0+kHUAAAAYB+LCAAAAAAAAP9b85aBtbiIQSmjNKU4P0+vJLE4u1gvPjexLDVPzxdEuhYV5Rf55Zek1m9pfpLfVWLNxMBQUcQgBdWQnJ9XnJ+TqucMoUEKGSCAEaSwAABqVhoSYAAAAA==[0m[ERROR] Tests run: 2, Failures: 0, Errors: 2, Skipped: 0
[INFO] 
[INFO] ------------------------------------------------------------------------
[INFO] BUILD FAILURE
[INFO] ------------------------------------------------------------------------
[INFO] Total time:  19.320 s
[INFO] Finished at: 2021-06-17T13:12:15Z
[INFO] ------------------------------------------------------------------------
[8mha:////4K5VOk4bTVvIz0AQpZDrAvh7Lfnoehf1xPjmaNc0+kHUAAAAYB+LCAAAAAAAAP9b85aBtbiIQSmjNKU4P0+vJLE4u1gvPjexLDVPzxdEuhYV5Rf55Zek1m9pfpLfVWLNxMBQUcQgBdWQnJ9XnJ+TqucMoUEKGSCAEaSwAABqVhoSYAAAAA==[0m[ERROR] Failed to execute goal org.apache.maven.plugins:maven-surefire-plugin:2.22.2:test (default-test) on project panda: There are test failures.
[8mha:////4K5VOk4bTVvIz0AQpZDrAvh7Lfnoehf1xPjmaNc0+kHUAAAAYB+LCAAAAAAAAP9b85aBtbiIQSmjNKU4P0+vJLE4u1gvPjexLDVPzxdEuhYV5Rf55Zek1m9pfpLfVWLNxMBQUcQgBdWQnJ9XnJ+TqucMoUEKGSCAEaSwAABqVhoSYAAAAA==[0m[ERROR] 
[8mha:////4K5VOk4bTVvIz0AQpZDrAvh7Lfnoehf1xPjmaNc0+kHUAAAAYB+LCAAAAAAAAP9b85aBtbiIQSmjNKU4P0+vJLE4u1gvPjexLDVPzxdEuhYV5Rf55Zek1m9pfpLfVWLNxMBQUcQgBdWQnJ9XnJ+TqucMoUEKGSCAEaSwAABqVhoSYAAAAA==[0m[ERROR] Please refer to /home/workspace/CodePull/target/surefire-reports for the individual test results.
[8mha:////4K5VOk4bTVvIz0AQpZDrAvh7Lfnoehf1xPjmaNc0+kHUAAAAYB+LCAAAAAAAAP9b85aBtbiIQSmjNKU4P0+vJLE4u1gvPjexLDVPzxdEuhYV5Rf55Zek1m9pfpLfVWLNxMBQUcQgBdWQnJ9XnJ+TqucMoUEKGSCAEaSwAABqVhoSYAAAAA==[0m[ERROR] Please refer to dump files (if any exist) [date].dump, [date]-jvmRun[N].dump and [date].dumpstream.
[8mha:////4K5VOk4bTVvIz0AQpZDrAvh7Lfnoehf1xPjmaNc0+kHUAAAAYB+LCAAAAAAAAP9b85aBtbiIQSmjNKU4P0+vJLE4u1gvPjexLDVPzxdEuhYV5Rf55Zek1m9pfpLfVWLNxMBQUcQgBdWQnJ9XnJ+TqucMoUEKGSCAEaSwAABqVhoSYAAAAA==[0m[ERROR] -> [Help 1]
[8mha:////4K5VOk4bTVvIz0AQpZDrAvh7Lfnoehf1xPjmaNc0+kHUAAAAYB+LCAAAAAAAAP9b85aBtbiIQSmjNKU4P0+vJLE4u1gvPjexLDVPzxdEuhYV5Rf55Zek1m9pfpLfVWLNxMBQUcQgBdWQnJ9XnJ+TqucMoUEKGSCAEaSwAABqVhoSYAAAAA==[0m[ERROR] 
[8mha:////4K5VOk4bTVvIz0AQpZDrAvh7Lfnoehf1xPjmaNc0+kHUAAAAYB+LCAAAAAAAAP9b85aBtbiIQSmjNKU4P0+vJLE4u1gvPjexLDVPzxdEuhYV5Rf55Zek1m9pfpLfVWLNxMBQUcQgBdWQnJ9XnJ+TqucMoUEKGSCAEaSwAABqVhoSYAAAAA==[0m[ERROR] To see the full stack trace of the errors, re-run Maven with the -e switch.
[8mha:////4K5VOk4bTVvIz0AQpZDrAvh7Lfnoehf1xPjmaNc0+kHUAAAAYB+LCAAAAAAAAP9b85aBtbiIQSmjNKU4P0+vJLE4u1gvPjexLDVPzxdEuhYV5Rf55Zek1m9pfpLfVWLNxMBQUcQgBdWQnJ9XnJ+TqucMoUEKGSCAEaSwAABqVhoSYAAAAA==[0m[ERROR] Re-run Maven using the -X switch to enable full debug logging.
[8mha:////4K5VOk4bTVvIz0AQpZDrAvh7Lfnoehf1xPjmaNc0+kHUAAAAYB+LCAAAAAAAAP9b85aBtbiIQSmjNKU4P0+vJLE4u1gvPjexLDVPzxdEuhYV5Rf55Zek1m9pfpLfVWLNxMBQUcQgBdWQnJ9XnJ+TqucMoUEKGSCAEaSwAABqVhoSYAAAAA==[0m[ERROR] 
[8mha:////4K5VOk4bTVvIz0AQpZDrAvh7Lfnoehf1xPjmaNc0+kHUAAAAYB+LCAAAAAAAAP9b85aBtbiIQSmjNKU4P0+vJLE4u1gvPjexLDVPzxdEuhYV5Rf55Zek1m9pfpLfVWLNxMBQUcQgBdWQnJ9XnJ+TqucMoUEKGSCAEaSwAABqVhoSYAAAAA==[0m[ERROR] For more information about the errors and possible solutions, please read the following articles:
[8mha:////4K5VOk4bTVvIz0AQpZDrAvh7Lfnoehf1xPjmaNc0+kHUAAAAYB+LCAAAAAAAAP9b85aBtbiIQSmjNKU4P0+vJLE4u1gvPjexLDVPzxdEuhYV5Rf55Zek1m9pfpLfVWLNxMBQUcQgBdWQnJ9XnJ+TqucMoUEKGSCAEaSwAABqVhoSYAAAAA==[0m[ERROR] [Help 1] http://cwiki.apache.org/confluence/display/MAVEN/MojoFailureException
Build step 'Invoke top-level Maven targets' marked build as failure
Finished: FAILURE
